

*******************************************************************************
Fri Jun 18 21:42:07 2021


FIT:    data read from "errordata.txt" using 1:2
        format = x:z
        #datapoints = 160
        residuals are weighted equally (unit weight)

function used for fitting: f(x)
	f(x)=a*x**b
fitted parameters initialized with current variable values

iter      chisq       delta/lim  lambda   a             b            
   0 5.5466449517e-01   0.00e+00  1.86e-02    1.000000e+00  -5.000000e-01
  12 1.6468873345e-01  -9.60e-02  1.86e-06    3.246979e-01  -1.626742e-01

After 12 iterations the fit converged.
final sum of squares of residuals : 0.164689
rel. change during last iteration : -9.59924e-07

degrees of freedom    (FIT_NDF)                        : 158
rms of residuals      (FIT_STDFIT) = sqrt(WSSR/ndf)    : 0.0322852
variance of residuals (reduced chisquare) = WSSR/ndf   : 0.00104233

Final set of parameters            Asymptotic Standard Error
=======================            ==========================
a               = 0.324698         +/- 0.1341       (41.31%)
b               = -0.162674        +/- 0.03794      (23.32%)

correlation matrix of the fit parameters:
                a      b      
a               1.000 
b              -0.993  1.000 


*******************************************************************************
Fri Jun 18 21:42:08 2021


FIT:    data read from "errordata.txt" using 1:3
        format = x:z
        #datapoints = 160
        residuals are weighted equally (unit weight)

function used for fitting: h(x)
	h(x)=c*x**d
fitted parameters initialized with current variable values

iter      chisq       delta/lim  lambda   c             d            
   0 1.0047918011e-01   0.00e+00  5.06e-04    1.000000e+00  -1.000000e+00
  31 3.9644780516e-03  -5.21e-01  5.06e-06    1.171588e+00  -3.604761e-01

After 31 iterations the fit converged.
final sum of squares of residuals : 0.00396448
rel. change during last iteration : -5.20867e-06

degrees of freedom    (FIT_NDF)                        : 158
rms of residuals      (FIT_STDFIT) = sqrt(WSSR/ndf)    : 0.00500915
variance of residuals (reduced chisquare) = WSSR/ndf   : 2.50916e-05

Final set of parameters            Asymptotic Standard Error
=======================            ==========================
c               = 1.17159          +/- 0.1184       (10.11%)
d               = -0.360476        +/- 0.01         (2.774%)

correlation matrix of the fit parameters:
                c      d      
c               1.000 
d              -0.987  1.000 
