

*******************************************************************************
Tue Apr 27 01:39:35 2021


FIT:    data read from "states.data.txt" using 1:2
        format = x:z
        #datapoints = 22
        residuals are weighted equally (unit weight)

function used for fitting: f1(x)
	f1(x)=a1*sin(3.1459*x)
fitted parameters initialized with current variable values

iter      chisq       delta/lim  lambda   a1           
   0 5.0094214882e+00   0.00e+00  6.90e-01    1.000000e+00
   4 7.5758050295e-06  -1.93e-09  6.90e-05    3.088153e-01

After 4 iterations the fit converged.
final sum of squares of residuals : 7.57581e-06
rel. change during last iteration : -1.93427e-14

degrees of freedom    (FIT_NDF)                        : 21
rms of residuals      (FIT_STDFIT) = sqrt(WSSR/ndf)    : 0.000600627
variance of residuals (reduced chisquare) = WSSR/ndf   : 3.60753e-07

Final set of parameters            Asymptotic Standard Error
=======================            ==========================
a1              = 0.308815         +/- 0.0001855    (0.06006%)


*******************************************************************************
Tue Apr 27 01:39:35 2021


FIT:    data read from "states.data.txt" using 1:3
        format = x:z
        #datapoints = 22
        residuals are weighted equally (unit weight)

function used for fitting: f2(x)
	f2(x)=a2*sin(2*3.1459*x)
fitted parameters initialized with current variable values

iter      chisq       delta/lim  lambda   a2           
   0 1.7962458845e+01   0.00e+00  6.90e-01    1.000000e+00
   4 2.8898283636e-05  -9.14e-10  6.90e-05   -3.088065e-01

After 4 iterations the fit converged.
final sum of squares of residuals : 2.88983e-05
rel. change during last iteration : -9.14498e-15

degrees of freedom    (FIT_NDF)                        : 21
rms of residuals      (FIT_STDFIT) = sqrt(WSSR/ndf)    : 0.00117308
variance of residuals (reduced chisquare) = WSSR/ndf   : 1.37611e-06

Final set of parameters            Asymptotic Standard Error
=======================            ==========================
a2              = -0.308806        +/- 0.0003623    (0.1173%)


*******************************************************************************
Tue Apr 27 01:39:35 2021


FIT:    data read from "states.data.txt" using 1:4
        format = x:z
        #datapoints = 22
        residuals are weighted equally (unit weight)

function used for fitting: f3(x)
	f3(x)=a3*sin(3*3.1459*x)
fitted parameters initialized with current variable values

iter      chisq       delta/lim  lambda   a3           
   0 5.0102663241e+00   0.00e+00  6.90e-01    1.000000e+00
   4 6.4429473480e-05  -1.47e-10  6.90e-05    3.087922e-01

After 4 iterations the fit converged.
final sum of squares of residuals : 6.44295e-05
rel. change during last iteration : -1.47243e-15

degrees of freedom    (FIT_NDF)                        : 21
rms of residuals      (FIT_STDFIT) = sqrt(WSSR/ndf)    : 0.00175159
variance of residuals (reduced chisquare) = WSSR/ndf   : 3.06807e-06

Final set of parameters            Asymptotic Standard Error
=======================            ==========================
a3              = 0.308792         +/- 0.0005409    (0.1752%)


*******************************************************************************
Tue Apr 27 01:39:35 2021


FIT:    data read from "time.data.txt" using 1:2
        format = x:z
        #datapoints = 20
        residuals are weighted equally (unit weight)

function used for fitting: g1(x)
	g1(x)=b1*x**3
fitted parameters initialized with current variable values

iter      chisq       delta/lim  lambda   b1           
   0 3.3821174988e+12   0.00e+00  4.11e+05    1.000000e+00
   5 3.3322663249e-04  -1.63e-11  4.11e+00    6.700574e-07

After 5 iterations the fit converged.
final sum of squares of residuals : 0.000333227
rel. change during last iteration : -1.62682e-16

degrees of freedom    (FIT_NDF)                        : 19
rms of residuals      (FIT_STDFIT) = sqrt(WSSR/ndf)    : 0.00418787
variance of residuals (reduced chisquare) = WSSR/ndf   : 1.75382e-05

Final set of parameters            Asymptotic Standard Error
=======================            ==========================
b1              = 6.70057e-07      +/- 2.277e-09    (0.3398%)


*******************************************************************************
Tue Apr 27 01:39:35 2021


FIT:    data read from "time.data.txt" using 1:4
        format = x:z
        #datapoints = 20
        residuals are weighted equally (unit weight)

function used for fitting: g2(x)
	g2(x)=b2*x**3
fitted parameters initialized with current variable values

iter      chisq       delta/lim  lambda   b2           
   0 3.3821199959e+12   0.00e+00  4.11e+05    1.000000e+00
   5 6.1595987591e-05   0.00e+00  4.11e+08    3.008917e-07

After 5 iterations the fit converged.
final sum of squares of residuals : 6.1596e-05
rel. change during last iteration : 0

degrees of freedom    (FIT_NDF)                        : 19
rms of residuals      (FIT_STDFIT) = sqrt(WSSR/ndf)    : 0.00180053
variance of residuals (reduced chisquare) = WSSR/ndf   : 3.24189e-06

Final set of parameters            Asymptotic Standard Error
=======================            ==========================
b2              = 3.00892e-07      +/- 9.79e-10     (0.3254%)
