

*******************************************************************************
Thu Mar 25 22:44:51 2021


FIT:    data read from "times.txt" using 1:2
        format = x:z
        #datapoints = 31
        residuals are weighted equally (unit weight)

function used for fitting: f(x)
	f(x)=a*x**3
fitted parameters initialized with current variable values

iter      chisq       delta/lim  lambda   a            
   0 4.2085340301e+17   0.00e+00  1.17e+08    1.000000e+00
   5 7.7212648920e-03   0.00e+00  1.17e+06    1.433934e-09

After 5 iterations the fit converged.
final sum of squares of residuals : 0.00772126
rel. change during last iteration : 0

degrees of freedom    (FIT_NDF)                        : 30
rms of residuals      (FIT_STDFIT) = sqrt(WSSR/ndf)    : 0.0160429
variance of residuals (reduced chisquare) = WSSR/ndf   : 0.000257375

Final set of parameters            Asymptotic Standard Error
=======================            ==========================
a               = 1.43393e-09      +/- 2.473e-11    (1.725%)


*******************************************************************************
Thu Mar 25 22:48:11 2021


FIT:    data read from "times.txt" using 1:2
        format = x:z
        #datapoints = 31
        residuals are weighted equally (unit weight)

function used for fitting: f(x)
	f(x)=a*x**3
fitted parameters initialized with current variable values

iter      chisq       delta/lim  lambda   a            
   0 4.2085340300e+17   0.00e+00  1.17e+08    1.000000e+00
   5 8.5690915113e-03  -2.02e-11  1.17e+03    1.441831e-09

After 5 iterations the fit converged.
final sum of squares of residuals : 0.00856909
rel. change during last iteration : -2.0244e-16

degrees of freedom    (FIT_NDF)                        : 30
rms of residuals      (FIT_STDFIT) = sqrt(WSSR/ndf)    : 0.0169008
variance of residuals (reduced chisquare) = WSSR/ndf   : 0.000285636

Final set of parameters            Asymptotic Standard Error
=======================            ==========================
a               = 1.44183e-09      +/- 2.605e-11    (1.807%)
